* using log directory 'C:/Users/pateb11/Documents-offline/MusculoskeletalAEsAfterAIs/PLEFinal.Rcheck'
* using R version 4.1.1 (2021-08-10)
* using platform: x86_64-w64-mingw32 (64-bit)
* using session charset: ISO8859-1
* using options '--no-manual --as-cran'
* checking for file 'PLEFinal/DESCRIPTION' ... OK
* checking extension type ... Package
* this is package 'PLEFinal' version '0.0.1'
* checking package namespace information ... OK
* checking package dependencies ... OK
* checking if this is a source package ... OK
* checking if there is a namespace ... OK
* checking for executable files ... OK
* checking for hidden files and directories ... OK
* checking for portable file names ... OK
* checking whether package 'PLEFinal' can be installed ... WARNING
Found the following significant warnings:
  Warning: package 'DatabaseConnector' was built under R version 4.1.2
See 'C:/Users/pateb11/Documents-offline/MusculoskeletalAEsAfterAIs/PLEFinal.Rcheck/00install.out' for details.
* checking installed package size ... NOTE
  installed size is  5.7Mb
  sub-directories of 1Mb or more:
    cohorts    1.5Mb
    settings   3.3Mb
* checking package directory ... OK
* checking for future file timestamps ... OK
* checking DESCRIPTION meta-information ... OK
* checking top-level files ... OK
* checking for left-over files ... OK
* checking index information ... OK
* checking package subdirectories ... OK
* checking R files for non-ASCII characters ... OK
* checking R files for syntax errors ... OK
* checking whether the package can be loaded ... OK
* checking whether the package can be loaded with stated dependencies ... OK
* checking whether the package can be unloaded cleanly ... OK
* checking whether the namespace can be loaded with stated dependencies ... OK
* checking whether the namespace can be unloaded cleanly ... OK
* checking loading without being on the library search path ... OK
* checking dependencies in R code ... NOTE
':::' call which should be '::': 'CohortMethod:::adjustedKm'
  See the note in ?`:::` about the use of this operator.
Unexported object imported by a ':::' call: 'CohortMethod:::computePreferenceScore'
  See the note in ?`:::` about the use of this operator.
* checking S3 generic/method consistency ... OK
* checking replacement functions ... OK
* checking foreign function calls ... OK
* checking R code for possible problems ... NOTE
launchEvidenceExplorer: no visible binding for global variable
  'shinySettings'
Undefined global functions or variables:
  shinySettings
* checking Rd files ... OK
* checking Rd metadata ... OK
* checking Rd line widths ... OK
* checking Rd cross-references ... OK
* checking for missing documentation entries ... OK
* checking for code/documentation mismatches ... OK
* checking Rd \usage sections ... OK
* checking Rd contents ... OK
* checking for unstated dependencies in examples ... OK
* checking examples ... OK
* checking for non-standard things in the check directory ... OK
* checking for detritus in the temp directory ... OK
* DONE
Status: 1 WARNING, 3 NOTEs
